<?xml version="1.0" encoding="UTF-8" standalone="no"?>
<testsuite errors="0" failures="3" name="io.cucumber.core.plugin.JUnitFormatter" skipped="0" tests="4" time="28.945">
    <testcase classname="Login" name="Successful Login with Valid Credentials" time="10.519">
        <failure message="element click intercepted: Element &lt;a class=&quot;nav-link&quot; href=&quot;/logout&quot;&gt;...&lt;/a&gt; is not clickable at point (1732, 28). Other element would receive the click: &lt;div id=&quot;ajaxBusy&quot; style=&quot;display: block;&quot;&gt;...&lt;/div&gt;&#10;  (Session info: chrome=125.0.6422.141)&#10;Build info: version: '4.21.0', revision: '79ed462ef4'&#10;System info: os.name: 'Linux', os.arch: 'amd64', os.version: '6.5.0-35-generic', java.version: '21.0.2'&#10;Driver info: org.openqa.selenium.chrome.ChromeDriver&#10;Command: [26f91b2200ef55f53d6753e409d2dff2, clickElement {id=f.BE207C65D7F134387F8B6C48568BB881.d.4E6662B75299B05350F2DA484099D578.e.19}]&#10;Capabilities {acceptInsecureCerts: false, browserName: chrome, browserVersion: 125.0.6422.141, chrome: {chromedriverVersion: 125.0.6422.141 (4b1e8393712..., userDataDir: /tmp/.org.chromium.Chromium...}, fedcm:accounts: true, goog:chromeOptions: {debuggerAddress: localhost:35271}, networkConnectionEnabled: false, pageLoadStrategy: normal, platformName: linux, proxy: Proxy(), se:cdp: ws://localhost:35271/devtoo..., se:cdpVersion: 125.0.6422.141, setWindowRect: true, strictFileInteractability: false, timeouts: {implicit: 0, pageLoad: 300000, script: 30000}, unhandledPromptBehavior: dismiss and notify, webauthn:extension:credBlob: true, webauthn:extension:largeBlob: true, webauthn:extension:minPinLength: true, webauthn:extension:prf: true, webauthn:virtualAuthenticators: true}&#10;Element: [[ChromeDriver: chrome on linux (26f91b2200ef55f53d6753e409d2dff2)] -&gt; link text: Logout]&#10;Session ID: 26f91b2200ef55f53d6753e409d2dff2" type="org.openqa.selenium.ElementClickInterceptedException"><![CDATA[Given User Launch Chrome browser............................................passed
When User opens URL "http://admin-demo.nopcommerce.com/login"...............passed
And User enters Email as "admin@yourstore.com" and Password as "admin"......passed
And Click on Login..........................................................passed
Then Page Title should be "Dashboard / nopCommerce administration"..........passed
When User click on Log out link.............................................failed
Then Page Title should be "Your store. Login"...............................skipped
And close browser...........................................................skipped

StackTrace:
org.openqa.selenium.ElementClickInterceptedException: element click intercepted: Element <a class="nav-link" href="/logout">...</a> is not clickable at point (1732, 28). Other element would receive the click: <div id="ajaxBusy" style="display: block;">...</div>
  (Session info: chrome=125.0.6422.141)
Build info: version: '4.21.0', revision: '79ed462ef4'
System info: os.name: 'Linux', os.arch: 'amd64', os.version: '6.5.0-35-generic', java.version: '21.0.2'
Driver info: org.openqa.selenium.chrome.ChromeDriver
Command: [26f91b2200ef55f53d6753e409d2dff2, clickElement {id=f.BE207C65D7F134387F8B6C48568BB881.d.4E6662B75299B05350F2DA484099D578.e.19}]
Capabilities {acceptInsecureCerts: false, browserName: chrome, browserVersion: 125.0.6422.141, chrome: {chromedriverVersion: 125.0.6422.141 (4b1e8393712..., userDataDir: /tmp/.org.chromium.Chromium...}, fedcm:accounts: true, goog:chromeOptions: {debuggerAddress: localhost:35271}, networkConnectionEnabled: false, pageLoadStrategy: normal, platformName: linux, proxy: Proxy(), se:cdp: ws://localhost:35271/devtoo..., se:cdpVersion: 125.0.6422.141, setWindowRect: true, strictFileInteractability: false, timeouts: {implicit: 0, pageLoad: 300000, script: 30000}, unhandledPromptBehavior: dismiss and notify, webauthn:extension:credBlob: true, webauthn:extension:largeBlob: true, webauthn:extension:minPinLength: true, webauthn:extension:prf: true, webauthn:virtualAuthenticators: true}
Element: [[ChromeDriver: chrome on linux (26f91b2200ef55f53d6753e409d2dff2)] -> link text: Logout]
Session ID: 26f91b2200ef55f53d6753e409d2dff2
	at java.base/jdk.internal.reflect.DirectConstructorHandleAccessor.newInstance(DirectConstructorHandleAccessor.java:62)
	at java.base/java.lang.reflect.Constructor.newInstanceWithCaller(Constructor.java:502)
	at java.base/java.lang.reflect.Constructor.newInstance(Constructor.java:486)
	at org.openqa.selenium.remote.ErrorCodec.decode(ErrorCodec.java:167)
	at org.openqa.selenium.remote.codec.w3c.W3CHttpResponseCodec.decode(W3CHttpResponseCodec.java:138)
	at org.openqa.selenium.remote.codec.w3c.W3CHttpResponseCodec.decode(W3CHttpResponseCodec.java:50)
	at org.openqa.selenium.remote.HttpCommandExecutor.execute(HttpCommandExecutor.java:190)
	at org.openqa.selenium.remote.service.DriverCommandExecutor.invokeExecute(DriverCommandExecutor.java:216)
	at org.openqa.selenium.remote.service.DriverCommandExecutor.execute(DriverCommandExecutor.java:174)
	at org.openqa.selenium.remote.RemoteWebDriver.execute(RemoteWebDriver.java:518)
	at org.openqa.selenium.remote.RemoteWebElement.execute(RemoteWebElement.java:223)
	at org.openqa.selenium.remote.RemoteWebElement.click(RemoteWebElement.java:76)
	at java.base/jdk.internal.reflect.DirectMethodHandleAccessor.invoke(DirectMethodHandleAccessor.java:103)
	at java.base/java.lang.reflect.Method.invoke(Method.java:580)
	at org.openqa.selenium.support.pagefactory.internal.LocatingElementHandler.invoke(LocatingElementHandler.java:51)
	at jdk.proxy2/jdk.proxy2.$Proxy21.click(Unknown Source)
	at PageObject.LoginPage.clickOnLogOutButton(LoginPage.java:52)
	at StepDefination.stepDefn.user_click_on_log_out_link(stepDefn.java:66)
	at ✽.User click on Log out link(file:///home/ranin/eclipse-workspace/CucumberFrameworkProject/./Features/LoginFeatures.feature:9)
]]></failure>
    </testcase>
    <testcase classname="Login" name="Successful Login with Valid Credentials DDT" time="9.767">
        <system-out><![CDATA[Given User Launch Chrome browser............................................passed
When User opens URL "http://admin-demo.nopcommerce.com/login"...............passed
And User enters Email as "admin@yourstore.com" and Password as "admin"......passed
And Click on Login..........................................................passed
Then Page Title should be "Dashboard / nopCommerce administration"..........passed
When User click on Log out link.............................................passed
Then Page Title should be "Your store. Login"...............................passed
And close browser...........................................................passed
]]></system-out>
    </testcase>
    <testcase classname="Login" name="Successful Login with Valid Credentials DDT 2" time="5.105">
        <failure message="" type="java.lang.AssertionError"><![CDATA[Given User Launch Chrome browser............................................passed
When User opens URL "http://admin-demo.nopcommerce.com/login"...............passed
And User enters Email as "test@yourstore.com" and Password as "admin".......passed
And Click on Login..........................................................passed
Then Page Title should be "Dashboard / nopCommerce administration"..........failed
When User click on Log out link.............................................skipped
Then Page Title should be "Your store. Login"...............................skipped
And close browser...........................................................skipped

StackTrace:
java.lang.AssertionError
	at org.junit.Assert.fail(Assert.java:87)
	at org.junit.Assert.assertTrue(Assert.java:42)
	at org.junit.Assert.assertTrue(Assert.java:53)
	at StepDefination.stepDefn.page_title_should_be(stepDefn.java:59)
	at ✽.Page Title should be "Dashboard / nopCommerce administration"(file:///home/ranin/eclipse-workspace/CucumberFrameworkProject/./Features/LoginFeatures.feature:19)
]]></failure>
    </testcase>
    <testcase classname="Login" name="Successful Login with Valid Credentials DDT 3" time="3.337">
        <failure message="" type="java.lang.AssertionError"><![CDATA[Given User Launch Chrome browser............................................passed
When User opens URL "http://admin-demo.nopcommerce.com/login"...............passed
And User enters Email as "admin@yourstore.com" and Password as "test".......passed
And Click on Login..........................................................passed
Then Page Title should be "Dashboard / nopCommerce administration"..........failed
When User click on Log out link.............................................skipped
Then Page Title should be "Your store. Login"...............................skipped
And close browser...........................................................skipped

StackTrace:
java.lang.AssertionError
	at org.junit.Assert.fail(Assert.java:87)
	at org.junit.Assert.assertTrue(Assert.java:42)
	at org.junit.Assert.assertTrue(Assert.java:53)
	at StepDefination.stepDefn.page_title_should_be(stepDefn.java:59)
	at ✽.Page Title should be "Dashboard / nopCommerce administration"(file:///home/ranin/eclipse-workspace/CucumberFrameworkProject/./Features/LoginFeatures.feature:19)
]]></failure>
    </testcase>
</testsuite>
