<?xml version="1.0" encoding="UTF-8"?>
<!-- Generated by org.testng.reporters.JUnitXMLReporter -->
<testsuite ignored="0" hostname="LAPTOP-92CINO3K" failures="0" tests="6" name="Test" time="0.07" errors="0" timestamp="2023-10-07T00:37:45 IST">
  <testcase classname="base.BaseClass" name="@BeforeSuite setUp" time="0.195">
    <failure type="java.lang.IllegalStateException" message="The path to the driver executable The path to the driver executable must be set by the webdriver.gecko.driver system property; for more information, see https://github.com/mozilla/geckodriver. The latest version can be downloaded from https://github.com/mozilla/geckodriver/releases">
      <![CDATA[java.lang.IllegalStateException: The path to the driver executable The path to the driver executable must be set by the webdriver.gecko.driver system property; for more information, see https://github.com/mozilla/geckodriver. The latest version can be downloaded from https://github.com/mozilla/geckodriver/releases
at org.openqa.selenium.internal.Require$StateChecker.nonNull(Require.java:280)
at org.openqa.selenium.remote.service.DriverService.findExecutable(DriverService.java:132)
at org.openqa.selenium.firefox.GeckoDriverService.access$100(GeckoDriverService.java:44)
at org.openqa.selenium.firefox.GeckoDriverService$Builder.findDefaultExecutable(GeckoDriverService.java:185)
at org.openqa.selenium.remote.service.DriverService$Builder.build(DriverService.java:434)
at org.openqa.selenium.firefox.FirefoxDriver.toExecutor(FirefoxDriver.java:232)
at org.openqa.selenium.firefox.FirefoxDriver.<init>(FirefoxDriver.java:186)
at org.openqa.selenium.firefox.FirefoxDriver.<init>(FirefoxDriver.java:164)
at base.BaseClass.setUp(BaseClass.java:41)
... Removed 19 stack frames]]>
    </failure>
  </testcase> <!-- @BeforeSuite setUp -->
  <testcase classname="base.BaseClass" name="@AfterMethod tearDown" time="-1.696619265303E9">
    <skipped/>
  </testcase> <!-- @AfterMethod tearDown -->
  <testcase classname="base.BaseClass" name="@AfterMethod tearDown" time="-1.696619265311E9">
    <skipped/>
  </testcase> <!-- @AfterMethod tearDown -->
  <testcase classname="base.BaseClass" name="@AfterMethod tearDown" time="-1.696619265317E9">
    <skipped/>
  </testcase> <!-- @AfterMethod tearDown -->
  <testcase classname="base.BaseClass" name="@AfterMethod tearDown" time="-1.696619265323E9">
    <skipped/>
  </testcase> <!-- @AfterMethod tearDown -->
  <testcase classname="base.BaseClass" name="@AfterMethod tearDown" time="-1.696619265329E9">
    <skipped/>
  </testcase> <!-- @AfterMethod tearDown -->
  <testcase classname="base.BaseClass" name="@AfterMethod tearDown" time="-1.696619265334E9">
    <skipped/>
  </testcase> <!-- @AfterMethod tearDown -->
  <testcase classname="testCases.LoginPage" name="loginTest" time="0.0">
    <skipped/>
  </testcase> <!-- loginTest -->
  <testcase classname="base.BaseClass" name="SelectFirstItem" time="0.0">
    <skipped/>
  </testcase> <!-- SelectFirstItem -->
  <testcase classname="base.BaseClass" name="SelectSecondItem" time="0.0">
    <skipped/>
  </testcase> <!-- SelectSecondItem -->
  <testcase classname="base.BaseClass" name="SelectThirdItem" time="0.0">
    <skipped/>
  </testcase> <!-- SelectThirdItem -->
  <testcase classname="base.BaseClass" name="SelectFourthItem" time="0.0">
    <skipped/>
  </testcase> <!-- SelectFourthItem -->
  <testcase classname="base.BaseClass" name="addcart" time="0.0">
    <skipped/>
  </testcase> <!-- addcart -->
</testsuite> <!-- Test -->
